Arguments: 
  /opt/homebrew/Cellar/node/20.7.0/bin/node /opt/homebrew/Cellar/yarn/1.22.19/libexec/bin/yarn.js start:dev

PATH: 
  /opt/homebrew/bin:/Users/gimjeonghyeon/.nvm/versions/node/v18.17.1/bin:/usr/local/bin:/usr/bin:/bin:/usr/sbin:/sbin:/Applications/Postgres.app/ContentsVersions/latest/bin:/usr/local/apache-maven-3.9.5/bin

Yarn version: 
  1.22.19

Node version: 
  20.7.0

Platform: 
  darwin arm64

Trace: 
  SyntaxError: /Users/gimjeonghyeon/WebstormProjects/nest-next-trpc/package.json: Unexpected token '/', ..."kages/*", // 모든 패키지가"... is not valid JSON
      at JSON.parse (<anonymous>)
      at /opt/homebrew/Cellar/yarn/1.22.19/libexec/lib/cli.js:1629:59
      at Generator.next (<anonymous>)
      at step (/opt/homebrew/Cellar/yarn/1.22.19/libexec/lib/cli.js:310:30)
      at /opt/homebrew/Cellar/yarn/1.22.19/libexec/lib/cli.js:321:13

npm manifest: 
  {
    "name": "server",
    "version": "0.0.1",
    "description": "",
    "author": "",
    "private": true,
    "license": "UNLICENSED",
    "scripts": {
      "prebuild": "rimraf dist",
      "build": "nest build",
      "format": "prettier --write \"src/**/*.ts\" \"test/**/*.ts\"",
      "start": "nest start",
      "start:dev": "nest start --watch",
      "start:debug": "nest start --debug --watch",
      "start:prod": "node dist/main",
      "lint": "eslint \"{src,apps,libs,test}/**/*.ts\" --fix",
      "test": "jest",
      "test:watch": "jest --watch",
      "test:cov": "jest --coverage",
      "test:debug": "node --inspect-brk -r tsconfig-paths/register -r ts-node/register node_modules/.bin/jest --runInBand",
      "test:e2e": "jest --config ./test/jest-e2e.json"
    },
    "dependencies": {
      "@nestjs/common": "^8.0.0",
      "@nestjs/core": "^8.0.0",
      "@nestjs/platform-express": "^8.0.0",
      "reflect-metadata": "^0.1.13",
      "rimraf": "^3.0.2",
      "rxjs": "^7.2.0"
    },
    "devDependencies": {
      "@nestjs/cli": "^8.0.0",
      "@nestjs/schematics": "^8.0.0",
      "@nestjs/testing": "^8.0.0",
      "@types/express": "^4.17.13",
      "@types/jest": "27.4.1",
      "@types/node": "^16.0.0",
      "@types/supertest": "^2.0.11",
      "@typescript-eslint/eslint-plugin": "^5.0.0",
      "@typescript-eslint/parser": "^5.0.0",
      "eslint": "^8.0.1",
      "eslint-config-prettier": "^8.3.0",
      "eslint-plugin-prettier": "^4.0.0",
      "jest": "^27.2.5",
      "prettier": "^2.3.2",
      "source-map-support": "^0.5.20",
      "supertest": "^6.1.3",
      "ts-jest": "^27.0.3",
      "ts-loader": "^9.2.3",
      "ts-node": "^10.0.0",
      "tsconfig-paths": "^3.10.1",
      "typescript": "^4.3.5"
    },
    "jest": {
      "moduleFileExtensions": [
        "js",
        "json",
        "ts"
      ],
      "rootDir": "src",
      "testRegex": ".*\\.spec\\.ts$",
      "transform": {
        "^.+\\.(t|j)s$": "ts-jest"
      },
      "collectCoverageFrom": [
        "**/*.(t|j)s"
      ],
      "coverageDirectory": "../coverage",
      "testEnvironment": "node"
    }
  }

yarn manifest: 
  No manifest

Lockfile: 
  No lockfile
